0 info it worked if it ends with ok
1 verbose cli [ 'D:\\nodejs\\node.exe',
1 verbose cli   'D:\\nodejs\\node_modules\\npm\\bin\\npm-cli.js',
1 verbose cli   'run',
1 verbose cli   'build' ]
2 info using npm@3.10.10
3 info using node@v6.11.3
4 verbose run-script [ 'prebuild', 'build', 'postbuild' ]
5 info lifecycle vue2-crm@1.0.0~prebuild: vue2-crm@1.0.0
6 silly lifecycle vue2-crm@1.0.0~prebuild: no script for prebuild, continuing
7 info lifecycle vue2-crm@1.0.0~build: vue2-crm@1.0.0
8 verbose lifecycle vue2-crm@1.0.0~build: unsafe-perm in lifecycle true
9 verbose lifecycle vue2-crm@1.0.0~build: PATH: D:\nodejs\node_modules\npm\bin\node-gyp-bin;D:\workspace\saas-yx-front\node_modules\.bin;C:\ProgramData\Oracle\Java\javapath;C:\Program Files (x86)\Intel\iCLS Client\;C:\Program Files\Intel\iCLS Client\;C:\Windows\system32;C:\Windows;C:\Windows\System32\Wbem;C:\Windows\System32\WindowsPowerShell\v1.0\;C:\Program Files (x86)\Intel\Intel(R) Management Engine Components\DAL;C:\Program Files\Intel\Intel(R) Management Engine Components\DAL;C:\Program Files (x86)\Intel\Intel(R) Management Engine Components\IPT;C:\Program Files\Intel\Intel(R) Management Engine Components\IPT;C:\Program Files (x86)\NVIDIA Corporation\PhysX\Common;C:\WINDOWS\system32;C:\WINDOWS;C:\WINDOWS\System32\Wbem;C:\Program Files\Java\jdk1.8.0_101\bin;C:\WINDOWS\System32\WindowsPowerShell\v1.0\;D:\maven\apache-maven-3.3.9\bin;D:\apache-tomcat-7.0.69\bin;C:\Program Files\Git\cmd;C:\WINDOWS\System32\OpenSSH\;D:\nodejs;;D:\nodejs\node_global;C:\Python27;C:\Program Files (x86)\Windows Kits\8.1\Windows Performance Toolkit\;D:\nodejs\;C:\Program Files\TortoiseSVN\bin;C:\Program Files\Intel\WiFi\bin\;C:\Program Files\Common Files\Intel\WirelessCommon\;D:\Redis\;C:\Users\admin\AppData\Local\Microsoft\WindowsApps;C:\Users\admin\AppData\Roaming\npm;C:\Users\admin\AppData\Local\BypassRuntm
10 verbose lifecycle vue2-crm@1.0.0~build: CWD: D:\workspace\saas-yx-front
11 silly lifecycle vue2-crm@1.0.0~build: Args: [ '/d /s /c', 'node build/build.js' ]
12 silly lifecycle vue2-crm@1.0.0~build: Returned: code: 1  signal: null
13 info lifecycle vue2-crm@1.0.0~build: Failed to exec build script
14 verbose stack Error: vue2-crm@1.0.0 build: `node build/build.js`
14 verbose stack Exit status 1
14 verbose stack     at EventEmitter.<anonymous> (D:\nodejs\node_modules\npm\lib\utils\lifecycle.js:255:16)
14 verbose stack     at emitTwo (events.js:106:13)
14 verbose stack     at EventEmitter.emit (events.js:191:7)
14 verbose stack     at ChildProcess.<anonymous> (D:\nodejs\node_modules\npm\lib\utils\spawn.js:40:14)
14 verbose stack     at emitTwo (events.js:106:13)
14 verbose stack     at ChildProcess.emit (events.js:191:7)
14 verbose stack     at maybeClose (internal/child_process.js:920:16)
14 verbose stack     at Process.ChildProcess._handle.onexit (internal/child_process.js:230:5)
15 verbose pkgid vue2-crm@1.0.0
16 verbose cwd D:\workspace\saas-yx-front
17 error Windows_NT 10.0.17134
18 error argv "D:\\nodejs\\node.exe" "D:\\nodejs\\node_modules\\npm\\bin\\npm-cli.js" "run" "build"
19 error node v6.11.3
20 error npm  v3.10.10
21 error code ELIFECYCLE
22 error vue2-crm@1.0.0 build: `node build/build.js`
22 error Exit status 1
23 error Failed at the vue2-crm@1.0.0 build script 'node build/build.js'.
23 error Make sure you have the latest version of node.js and npm installed.
23 error If you do, this is most likely a problem with the vue2-crm package,
23 error not with npm itself.
23 error Tell the author that this fails on your system:
23 error     node build/build.js
23 error You can get information on how to open an issue for this project with:
23 error     npm bugs vue2-crm
23 error Or if that isn't available, you can get their info via:
23 error     npm owner ls vue2-crm
23 error There is likely additional logging output above.
24 verbose exit [ 1, true ]
